2022-05-03 11:38:45,901,INFO,[User] Platform: Linux-5.15.0-27-generic-x86_64-with-glibc2.35
2022-05-03 11:38:45,901,INFO,[User] Path: /media/cristian/cris_projects/hicce/pyqt_graph/plot_w_pkgs/py_rtplotzynq
2022-05-03 11:38:45,901,INFO,[User] Python: 3.10.4
2022-05-03 11:38:45,958,INFO,[RTAcqPlot] Starting RTGraph
2022-05-03 11:38:47,931,INFO,[MainWindow] Clicked start
2022-05-03 11:38:50,486,INFO,[RTAcqPlot] Finishing RTGraph

2022-05-03 11:41:39,940,INFO,[User] Platform: Linux-5.15.0-27-generic-x86_64-with-glibc2.35
2022-05-03 11:41:39,941,INFO,[User] Path: /media/cristian/cris_projects/hicce/pyqt_graph/plot_w_pkgs/py_rtplotzynq
2022-05-03 11:41:39,941,INFO,[User] Python: 3.10.4
2022-05-03 11:41:39,996,INFO,[RTAcqPlot] Starting RTGraph
2022-05-03 11:41:42,468,INFO,[RTAcqPlot] Finishing RTGraph

2022-05-04 10:20:18,299,INFO,[User] Platform: Linux-5.15.0-27-generic-x86_64-with-glibc2.35
2022-05-04 10:20:18,299,INFO,[User] Path: /media/cristian/cris_projects/hicce/pyqt_graph/plot_w_pkgs/py_rtplotzynq
2022-05-04 10:20:18,299,INFO,[User] Python: 3.10.4
2022-05-04 10:20:18,358,INFO,[RTAcqPlot] Starting RTGraph
2022-05-04 10:20:20,660,INFO,[MainWindow] Clicked start
2022-05-04 10:20:26,232,INFO,[MainWindow] Clicked start
2022-05-04 10:20:29,484,INFO,[RTAcqPlot] Finishing RTGraph

2022-05-04 10:24:39,650,INFO,[User] Platform: Linux-5.15.0-27-generic-x86_64-with-glibc2.35
2022-05-04 10:24:39,650,INFO,[User] Path: /media/cristian/cris_projects/hicce/pyqt_graph/plot_w_pkgs/py_rtplotzynq
2022-05-04 10:24:39,651,INFO,[User] Python: 3.10.4
2022-05-04 10:24:39,709,INFO,[RTAcqPlot] Starting RTGraph
2022-05-04 10:24:42,497,INFO,[MainWindow] Clicked start
2022-05-04 10:24:46,862,INFO,[MainWindow] Clicked stop
2022-05-04 10:33:01,321,INFO,[User] Platform: Linux-5.15.0-27-generic-x86_64-with-glibc2.35
2022-05-04 10:33:01,321,INFO,[User] Path: /media/cristian/cris_projects/hicce/pyqt_graph/plot_w_pkgs/py_rtplotzynq
2022-05-04 10:33:01,321,INFO,[User] Python: 3.10.4
2022-05-04 10:33:01,375,INFO,[RTAcqPlot] Starting RTGraph
2022-05-04 10:33:03,111,INFO,[MainWindow] Clicked start button...
2022-05-04 10:33:05,270,INFO,[MainWindow] Clicked stop button...
2022-05-04 10:33:07,427,INFO,[RTAcqPlot] Finishing RTGraph

2022-05-04 11:53:55,940,INFO,[User] Platform: Linux-5.15.0-27-generic-x86_64-with-glibc2.35
2022-05-04 11:53:55,940,INFO,[User] Path: /media/cristian/cris_projects/hicce/pyqt_graph/plot_w_pkgs/py_rtplotzynq
2022-05-04 11:53:55,941,INFO,[User] Python: 3.10.4
2022-05-04 11:53:55,999,INFO,[RTAcqPlot] Starting RTGraph
2022-05-04 11:53:57,569,INFO,[MainWindow] Clicked start button...
2022-05-04 11:53:58,920,INFO,[MainWindow] Clicked stop button...
2022-05-04 11:54:03,079,INFO,[RTAcqPlot] Finishing RTGraph

2022-05-10 10:57:44,848,INFO,[User] Platform: Linux-5.15.0-27-generic-x86_64-with-glibc2.35
2022-05-10 10:57:44,848,INFO,[User] Path: /media/cristian/cris_projects/hicce/pyqt_graph/plot_w_pkgs/py_rtplotzynq
2022-05-10 10:57:44,848,INFO,[User] Python: 3.10.4
2022-05-10 10:57:44,960,INFO,[RTAcqPlot] Starting RTGraph
2022-05-10 10:57:48,298,INFO,[MainWindow] Clicked start button...
2022-05-10 10:57:52,078,INFO,[MainWindow] Clicked stop button...
2022-05-10 10:57:53,713,INFO,[RTAcqPlot] Finishing RTGraph

2022-05-10 11:00:03,684,INFO,[User] Platform: Linux-5.15.0-27-generic-x86_64-with-glibc2.35
2022-05-10 11:00:03,684,INFO,[User] Path: /media/cristian/cris_projects/hicce/pyqt_graph/plot_w_pkgs/py_rtplotzynq
2022-05-10 11:00:03,685,INFO,[User] Python: 3.10.4
2022-05-10 11:00:03,743,INFO,[RTAcqPlot] Starting RTGraph
2022-05-10 11:00:05,495,INFO,[MainWindow] Clicked start button...
2022-05-10 11:00:09,162,INFO,[MainWindow] Clicked stop button...
2022-05-10 11:26:02,242,INFO,[RTAcqPlot] Finishing RTGraph

2022-05-12 11:01:45,136,INFO,[User] Platform: Linux-5.15.0-27-generic-x86_64-with-glibc2.35
2022-05-12 11:01:45,137,INFO,[User] Path: /media/cristian/cris_projects/hicce/pyqt_graph/plot_w_pkgs/py_rtplotzynq
2022-05-12 11:01:45,137,INFO,[User] Python: 3.10.4
2022-05-12 11:01:45,205,INFO,[RTAcqPlot] Starting RTGraph
2022-05-12 11:01:46,985,INFO,[MainWindow] Clicked start button...
2022-05-12 11:01:51,782,INFO,[MainWindow] Clicked stop button...
2022-05-12 11:01:53,330,INFO,[MainWindow] Clicked start button...
2022-05-12 11:01:55,445,INFO,[MainWindow] Clicked stop button...
2022-05-12 11:01:57,473,INFO,[RTAcqPlot] Finishing RTGraph

2022-05-12 11:20:37,005,INFO,[User] Platform: Linux-5.15.0-27-generic-x86_64-with-glibc2.35
2022-05-12 11:20:37,005,INFO,[User] Path: /media/cristian/cris_projects/hicce/pyqt_graph/plot_w_pkgs/py_rtplotzynq
2022-05-12 11:20:37,005,INFO,[User] Python: 3.10.4
2022-05-12 11:20:37,063,INFO,[RTAcqPlot] Starting RTGraph
2022-05-12 11:20:38,705,INFO,[MainWindow] Clicked start button...
2022-05-12 11:20:43,444,INFO,[MainWindow] Clicked stop button...
2022-05-12 11:20:45,429,INFO,[RTAcqPlot] Finishing RTGraph

2022-05-12 11:20:52,724,INFO,[User] Platform: Linux-5.15.0-27-generic-x86_64-with-glibc2.35
2022-05-12 11:20:52,724,INFO,[User] Path: /media/cristian/cris_projects/hicce/pyqt_graph/plot_w_pkgs/py_rtplotzynq
2022-05-12 11:20:52,724,INFO,[User] Python: 3.10.4
2022-05-12 11:20:52,782,INFO,[RTAcqPlot] Starting RTGraph
2022-05-12 11:20:54,418,INFO,[MainWindow] Clicked start button...
2022-05-12 11:21:07,791,INFO,[MainWindow] Clicked stop button...
2022-05-12 11:21:09,228,INFO,[RTAcqPlot] Finishing RTGraph

2022-05-12 11:21:15,623,INFO,[User] Platform: Linux-5.15.0-27-generic-x86_64-with-glibc2.35
2022-05-12 11:21:15,623,INFO,[User] Path: /media/cristian/cris_projects/hicce/pyqt_graph/plot_w_pkgs/py_rtplotzynq
2022-05-12 11:21:15,624,INFO,[User] Python: 3.10.4
2022-05-12 11:21:15,684,INFO,[RTAcqPlot] Starting RTGraph
2022-05-12 11:21:17,286,INFO,[MainWindow] Clicked start button...
2022-05-12 11:21:28,134,INFO,[MainWindow] Clicked stop button...
2022-05-12 11:21:29,394,INFO,[RTAcqPlot] Finishing RTGraph

2022-05-12 11:28:00,221,INFO,[User] Platform: Linux-5.15.0-27-generic-x86_64-with-glibc2.35
2022-05-12 11:28:00,222,INFO,[User] Path: /media/cristian/cris_projects/hicce/pyqt_graph/plot_w_pkgs/py_rtplotzynq
2022-05-12 11:28:00,222,INFO,[User] Python: 3.10.4
2022-05-12 11:28:00,282,INFO,[RTAcqPlot] Starting RTGraph
2022-05-12 11:28:01,948,INFO,[MainWindow] Clicked start button...
2022-05-12 11:28:06,003,INFO,[RTAcqPlot] Finishing RTGraph

2022-05-12 11:29:31,310,INFO,[User] Platform: Linux-5.15.0-27-generic-x86_64-with-glibc2.35
2022-05-12 11:29:31,310,INFO,[User] Path: /media/cristian/cris_projects/hicce/pyqt_graph/plot_w_pkgs/py_rtplotzynq
2022-05-12 11:29:31,311,INFO,[User] Python: 3.10.4
2022-05-12 11:29:31,368,INFO,[RTAcqPlot] Starting RTGraph
2022-05-12 11:29:32,887,INFO,[MainWindow] Clicked start button...
2022-05-12 11:29:35,760,INFO,[MainWindow] Clicked stop button...
2022-05-12 11:29:37,915,INFO,[RTAcqPlot] Finishing RTGraph

2022-05-12 11:30:00,845,INFO,[User] Platform: Linux-5.15.0-27-generic-x86_64-with-glibc2.35
2022-05-12 11:30:00,845,INFO,[User] Path: /media/cristian/cris_projects/hicce/pyqt_graph/plot_w_pkgs/py_rtplotzynq
2022-05-12 11:30:00,845,INFO,[User] Python: 3.10.4
2022-05-12 11:30:00,907,INFO,[RTAcqPlot] Starting RTGraph
2022-05-12 11:30:02,602,INFO,[MainWindow] Clicked start button...
2022-05-12 11:30:03,427,INFO,[MainWindow] Clicked stop button...
2022-05-12 11:30:05,054,INFO,[MainWindow] Clicked start button...
2022-05-12 11:30:07,845,INFO,[MainWindow] Clicked stop button...
2022-05-12 11:30:18,476,INFO,[RTAcqPlot] Finishing RTGraph

2022-05-12 11:34:45,215,INFO,[User] Platform: Linux-5.15.0-27-generic-x86_64-with-glibc2.35
2022-05-12 11:34:45,215,INFO,[User] Path: /media/cristian/cris_projects/hicce/pyqt_graph/plot_w_pkgs/py_rtplotzynq
2022-05-12 11:34:45,215,INFO,[User] Python: 3.10.4
2022-05-12 11:34:45,272,INFO,[RTAcqPlot] Starting RTGraph
2022-05-12 12:04:03,364,INFO,[User] Platform: Linux-5.15.0-27-generic-x86_64-with-glibc2.35
2022-05-12 12:04:03,365,INFO,[User] Path: /media/cristian/cris_projects/hicce/pyqt_graph/plot_w_pkgs/py_rtplotzynq
2022-05-12 12:04:03,365,INFO,[User] Python: 3.10.4
2022-05-12 12:04:03,422,INFO,[RTAcqPlot] Starting RTGraph
2022-05-12 12:06:13,453,INFO,[User] Platform: Linux-5.15.0-27-generic-x86_64-with-glibc2.35
2022-05-12 12:06:13,453,INFO,[User] Path: /media/cristian/cris_projects/hicce/pyqt_graph/plot_w_pkgs/py_rtplotzynq
2022-05-12 12:06:13,454,INFO,[User] Python: 3.10.4
2022-05-12 12:06:13,509,INFO,[RTAcqPlot] Starting RTGraph
2022-05-12 12:14:07,815,INFO,[User] Platform: Linux-5.15.0-27-generic-x86_64-with-glibc2.35
2022-05-12 12:14:07,815,INFO,[User] Path: /media/cristian/cris_projects/hicce/pyqt_graph/plot_w_pkgs/py_rtplotzynq
2022-05-12 12:14:07,815,INFO,[User] Python: 3.10.4
2022-05-12 12:14:07,874,INFO,[RTAcqPlot] Starting RTGraph
2022-05-12 12:15:38,493,INFO,[User] Platform: Linux-5.15.0-27-generic-x86_64-with-glibc2.35
2022-05-12 12:15:38,493,INFO,[User] Path: /media/cristian/cris_projects/hicce/pyqt_graph/plot_w_pkgs/py_rtplotzynq
2022-05-12 12:15:38,493,INFO,[User] Python: 3.10.4
2022-05-12 12:15:38,552,INFO,[RTAcqPlot] Starting RTGraph
2022-05-12 12:31:27,791,INFO,[User] Platform: Linux-5.15.0-27-generic-x86_64-with-glibc2.35
2022-05-12 12:31:27,791,INFO,[User] Path: /media/cristian/cris_projects/hicce/pyqt_graph/plot_w_pkgs/py_rtplotzynq
2022-05-12 12:31:27,792,INFO,[User] Python: 3.10.4
2022-05-12 12:31:27,850,INFO,[RTAcqPlot] Starting RTGraph
2022-05-12 12:31:54,910,INFO,[User] Platform: Linux-5.15.0-27-generic-x86_64-with-glibc2.35
2022-05-12 12:31:54,911,INFO,[User] Path: /media/cristian/cris_projects/hicce/pyqt_graph/plot_w_pkgs/py_rtplotzynq
2022-05-12 12:31:54,911,INFO,[User] Python: 3.10.4
2022-05-12 12:31:54,967,INFO,[RTAcqPlot] Starting RTGraph
2022-05-12 12:34:53,409,INFO,[User] Platform: Linux-5.15.0-27-generic-x86_64-with-glibc2.35
2022-05-12 12:34:53,409,INFO,[User] Path: /media/cristian/cris_projects/hicce/pyqt_graph/plot_w_pkgs/py_rtplotzynq
2022-05-12 12:34:53,409,INFO,[User] Python: 3.10.4
2022-05-12 12:34:53,468,INFO,[RTAcqPlot] Starting RTGraph
2022-05-12 12:35:29,439,INFO,[User] Platform: Linux-5.15.0-27-generic-x86_64-with-glibc2.35
2022-05-12 12:35:29,439,INFO,[User] Path: /media/cristian/cris_projects/hicce/pyqt_graph/plot_w_pkgs/py_rtplotzynq
2022-05-12 12:35:29,439,INFO,[User] Python: 3.10.4
2022-05-12 12:35:29,497,INFO,[RTAcqPlot] Starting RTGraph
2022-05-12 12:36:48,068,INFO,[User] Platform: Linux-5.15.0-27-generic-x86_64-with-glibc2.35
2022-05-12 12:36:48,069,INFO,[User] Path: /media/cristian/cris_projects/hicce/pyqt_graph/plot_w_pkgs/py_rtplotzynq
2022-05-12 12:36:48,069,INFO,[User] Python: 3.10.4
2022-05-12 12:36:48,127,INFO,[RTAcqPlot] Starting RTGraph
2022-05-12 12:37:09,255,INFO,[User] Platform: Linux-5.15.0-27-generic-x86_64-with-glibc2.35
2022-05-12 12:37:09,255,INFO,[User] Path: /media/cristian/cris_projects/hicce/pyqt_graph/plot_w_pkgs/py_rtplotzynq
2022-05-12 12:37:09,255,INFO,[User] Python: 3.10.4
2022-05-12 12:37:09,316,INFO,[RTAcqPlot] Starting RTGraph
2022-05-12 12:38:03,031,INFO,[User] Platform: Linux-5.15.0-27-generic-x86_64-with-glibc2.35
2022-05-12 12:38:03,032,INFO,[User] Path: /media/cristian/cris_projects/hicce/pyqt_graph/plot_w_pkgs/py_rtplotzynq
2022-05-12 12:38:03,032,INFO,[User] Python: 3.10.4
2022-05-12 12:38:03,088,INFO,[RTAcqPlot] Starting RTGraph
2022-05-12 12:38:33,940,INFO,[User] Platform: Linux-5.15.0-27-generic-x86_64-with-glibc2.35
2022-05-12 12:38:33,940,INFO,[User] Path: /media/cristian/cris_projects/hicce/pyqt_graph/plot_w_pkgs/py_rtplotzynq
2022-05-12 12:38:33,941,INFO,[User] Python: 3.10.4
2022-05-12 12:38:33,997,INFO,[RTAcqPlot] Starting RTGraph
2022-05-12 12:38:42,633,INFO,[MainWindow] Clicked start button...
2022-05-12 12:38:44,096,INFO,[MainWindow] Clicked start button...
2022-05-12 12:38:50,094,INFO,[RTAcqPlot] Finishing RTGraph

2022-05-12 12:39:43,982,INFO,[User] Platform: Linux-5.15.0-27-generic-x86_64-with-glibc2.35
2022-05-12 12:39:43,982,INFO,[User] Path: /media/cristian/cris_projects/hicce/pyqt_graph/plot_w_pkgs/py_rtplotzynq
2022-05-12 12:39:43,982,INFO,[User] Python: 3.10.4
2022-05-12 12:39:44,041,INFO,[RTAcqPlot] Starting RTGraph
2022-05-12 12:39:46,646,INFO,[MainWindow] Clicked start button...
2022-05-12 12:39:53,509,INFO,[MainWindow] Clicked stop button...
2022-05-12 12:39:56,472,INFO,[MainWindow] Clicked start button...
2022-05-12 12:40:00,266,INFO,[MainWindow] Clicked stop button...
2022-05-12 15:08:34,851,INFO,[MainWindow] Clicked start button...
2022-05-12 15:08:35,848,INFO,[MainWindow] Clicked stop button...
2022-05-13 16:22:51,931,INFO,[User] Platform: Linux-5.15.0-27-generic-x86_64-with-glibc2.35
2022-05-13 16:22:51,931,INFO,[User] Path: /media/cristian/cris_projects/hicce/pyqt_graph/plot_w_pkgs/py_rtplotzynq
2022-05-13 16:22:51,931,INFO,[User] Python: 3.10.4
2022-05-13 16:22:51,997,INFO,[RTAcqPlot] Starting RTGraph
2022-05-13 16:22:57,791,INFO,[MainWindow] Clicked start button...
2022-05-13 16:22:58,983,INFO,[MainWindow] Clicked stop button...
2022-05-14 09:02:32,551,INFO,[RTAcqPlot] Finishing RTGraph

2022-05-14 09:25:35,597,INFO,[User] Platform: Linux-5.15.0-27-generic-x86_64-with-glibc2.35
2022-05-14 09:25:35,597,INFO,[User] Path: /media/cristian/cris_projects/hicce/pyqt_graph/plot_w_pkgs/py_rtplotzynq
2022-05-14 09:25:35,598,INFO,[User] Python: 3.10.4
2022-05-14 09:25:35,657,INFO,[RTAcqPlot] Starting RTGraph
2022-05-14 09:25:44,308,INFO,[RTAcqPlot] Finishing RTGraph

2022-05-14 09:32:44,151,INFO,[User] Platform: Linux-5.15.0-27-generic-x86_64-with-glibc2.35
2022-05-14 09:32:44,151,INFO,[User] Path: /media/cristian/cris_projects/hicce/pyqt_graph/plot_w_pkgs/py_rtplotzynq
2022-05-14 09:32:44,151,INFO,[User] Python: 3.10.4
2022-05-14 09:32:44,208,INFO,[RTAcqPlot] Starting RTGraph
2022-05-14 09:32:51,985,INFO,[MainWindow] Clicked start button...
2022-05-14 09:32:53,912,INFO,[MainWindow] Clicked stop button...
2022-05-14 09:33:00,985,INFO,[MainWindow] Clicked start button...
2022-05-14 09:33:17,845,INFO,[MainWindow] Clicked stop button...
2022-05-14 09:33:54,086,INFO,[MainWindow] Clicked start button...
2022-05-14 09:33:59,498,INFO,[RTAcqPlot] Finishing RTGraph

2022-05-14 09:33:59,782,INFO,[User] Platform: Linux-5.15.0-27-generic-x86_64-with-glibc2.35
2022-05-14 09:33:59,782,INFO,[User] Path: /media/cristian/cris_projects/hicce/pyqt_graph/plot_w_pkgs/py_rtplotzynq
2022-05-14 09:33:59,782,INFO,[User] Python: 3.10.4
2022-05-14 09:33:59,841,INFO,[RTAcqPlot] Starting RTGraph
2022-05-14 09:34:02,876,INFO,[MainWindow] Clicked start button...
2022-05-14 09:34:44,096,INFO,[MainWindow] Clicked stop button...
2022-05-14 09:34:46,126,INFO,[RTAcqPlot] Finishing RTGraph

2022-05-14 09:35:18,609,INFO,[User] Platform: Linux-5.15.0-27-generic-x86_64-with-glibc2.35
2022-05-14 09:35:18,610,INFO,[User] Path: /media/cristian/cris_projects/hicce/pyqt_graph/plot_w_pkgs/py_rtplotzynq
2022-05-14 09:35:18,610,INFO,[User] Python: 3.10.4
2022-05-14 09:35:18,668,INFO,[RTAcqPlot] Starting RTGraph
2022-05-14 09:35:20,439,INFO,[MainWindow] Clicked start button...
2022-05-14 09:35:30,449,INFO,[MainWindow] Clicked stop button...
2022-05-14 09:35:31,998,INFO,[RTAcqPlot] Finishing RTGraph

2022-05-14 09:40:56,254,INFO,[User] Platform: Linux-5.15.0-27-generic-x86_64-with-glibc2.35
2022-05-14 09:40:56,255,INFO,[User] Path: /media/cristian/cris_projects/hicce/pyqt_graph/plot_w_pkgs/py_rtplotzynq
2022-05-14 09:40:56,255,INFO,[User] Python: 3.10.4
2022-05-14 09:40:56,313,INFO,[RTAcqPlot] Starting RTGraph
2022-05-14 09:40:58,914,INFO,[MainWindow] Clicked start button...
2022-05-14 09:41:30,403,INFO,[RTAcqPlot] Finishing RTGraph

2022-05-14 09:41:58,150,INFO,[User] Platform: Linux-5.15.0-27-generic-x86_64-with-glibc2.35
2022-05-14 09:41:58,150,INFO,[User] Path: /media/cristian/cris_projects/hicce/pyqt_graph/plot_w_pkgs/py_rtplotzynq
2022-05-14 09:41:58,151,INFO,[User] Python: 3.10.4
2022-05-14 09:41:58,213,INFO,[RTAcqPlot] Starting RTGraph
2022-05-14 09:42:00,243,INFO,[MainWindow] Clicked start button...
2022-05-14 09:42:04,786,INFO,[RTAcqPlot] Finishing RTGraph

2022-05-14 09:42:32,660,INFO,[User] Platform: Linux-5.15.0-27-generic-x86_64-with-glibc2.35
2022-05-14 09:42:32,661,INFO,[User] Path: /media/cristian/cris_projects/hicce/pyqt_graph/plot_w_pkgs/py_rtplotzynq
2022-05-14 09:42:32,661,INFO,[User] Python: 3.10.4
2022-05-14 09:42:32,717,INFO,[RTAcqPlot] Starting RTGraph
2022-05-14 09:42:34,712,INFO,[MainWindow] Clicked start button...
2022-05-14 09:43:04,062,INFO,[RTAcqPlot] Finishing RTGraph

2022-05-14 09:49:31,816,INFO,[User] Platform: Linux-5.15.0-27-generic-x86_64-with-glibc2.35
2022-05-14 09:49:31,816,INFO,[User] Path: /media/cristian/cris_projects/hicce/pyqt_graph/plot_w_pkgs/py_rtplotzynq
2022-05-14 09:49:31,817,INFO,[User] Python: 3.10.4
2022-05-14 09:49:31,878,INFO,[RTAcqPlot] Starting RTGraph
2022-05-14 09:49:34,763,INFO,[MainWindow] Clicked start button...
2022-05-14 09:50:00,413,INFO,[MainWindow] Clicked stop button...
2022-05-14 09:50:03,253,INFO,[RTAcqPlot] Finishing RTGraph

2022-05-14 09:52:02,984,INFO,[User] Platform: Linux-5.15.0-27-generic-x86_64-with-glibc2.35
2022-05-14 09:52:02,984,INFO,[User] Path: /media/cristian/cris_projects/hicce/pyqt_graph/plot_w_pkgs/py_rtplotzynq
2022-05-14 09:52:02,985,INFO,[User] Python: 3.10.4
2022-05-14 09:52:03,040,INFO,[RTAcqPlot] Starting RTGraph
2022-05-14 09:52:04,870,INFO,[MainWindow] Clicked start button...
2022-05-14 09:52:16,780,INFO,[MainWindow] Clicked stop button...
2022-05-14 09:52:19,003,INFO,[RTAcqPlot] Finishing RTGraph

2022-05-14 09:53:26,649,INFO,[User] Platform: Linux-5.15.0-27-generic-x86_64-with-glibc2.35
2022-05-14 09:53:26,649,INFO,[User] Path: /media/cristian/cris_projects/hicce/pyqt_graph/plot_w_pkgs/py_rtplotzynq
2022-05-14 09:53:26,649,INFO,[User] Python: 3.10.4
2022-05-14 09:53:26,705,INFO,[RTAcqPlot] Starting RTGraph
2022-05-14 09:53:30,477,INFO,[MainWindow] Clicked start button...
2022-05-14 09:53:32,877,INFO,[MainWindow] Clicked start button...
2022-05-14 09:53:41,525,INFO,[MainWindow] Clicked stop button...
2022-05-14 09:53:43,806,INFO,[RTAcqPlot] Finishing RTGraph

2022-05-14 09:54:09,591,INFO,[User] Platform: Linux-5.15.0-27-generic-x86_64-with-glibc2.35
2022-05-14 09:54:09,591,INFO,[User] Path: /media/cristian/cris_projects/hicce/pyqt_graph/plot_w_pkgs/py_rtplotzynq
2022-05-14 09:54:09,591,INFO,[User] Python: 3.10.4
2022-05-14 09:54:09,648,INFO,[RTAcqPlot] Starting RTGraph
2022-05-14 09:54:12,365,INFO,[MainWindow] Clicked start button...
2022-05-14 09:54:21,903,INFO,[RTAcqPlot] Finishing RTGraph

2022-05-14 09:55:36,517,INFO,[User] Platform: Linux-5.15.0-27-generic-x86_64-with-glibc2.35
2022-05-14 09:55:36,518,INFO,[User] Path: /media/cristian/cris_projects/hicce/pyqt_graph/plot_w_pkgs/py_rtplotzynq
2022-05-14 09:55:36,518,INFO,[User] Python: 3.10.4
2022-05-14 09:55:36,579,INFO,[RTAcqPlot] Starting RTGraph
2022-05-14 09:55:38,099,INFO,[MainWindow] Clicked start button...
2022-05-14 09:55:44,054,INFO,[MainWindow] Clicked stop button...
2022-05-14 09:55:46,409,INFO,[MainWindow] Clicked start button...
2022-05-14 09:55:49,445,INFO,[RTAcqPlot] Finishing RTGraph

2022-05-14 09:56:44,951,INFO,[User] Platform: Linux-5.15.0-27-generic-x86_64-with-glibc2.35
2022-05-14 09:56:44,951,INFO,[User] Path: /media/cristian/cris_projects/hicce/pyqt_graph/plot_w_pkgs/py_rtplotzynq
2022-05-14 09:56:44,952,INFO,[User] Python: 3.10.4
2022-05-14 09:56:45,012,INFO,[RTAcqPlot] Starting RTGraph
2022-05-14 09:56:46,808,INFO,[MainWindow] Clicked start button...
2022-05-14 09:56:57,623,INFO,[MainWindow] Clicked stop button...
2022-05-14 09:56:59,367,INFO,[RTAcqPlot] Finishing RTGraph

2022-05-14 09:58:33,469,INFO,[User] Platform: Linux-5.15.0-27-generic-x86_64-with-glibc2.35
2022-05-14 09:58:33,469,INFO,[User] Path: /media/cristian/cris_projects/hicce/pyqt_graph/plot_w_pkgs/py_rtplotzynq
2022-05-14 09:58:33,469,INFO,[User] Python: 3.10.4
2022-05-14 09:58:33,525,INFO,[RTAcqPlot] Starting RTGraph
2022-05-14 09:58:35,365,INFO,[MainWindow] Clicked start button...
2022-05-14 09:59:05,577,INFO,[RTAcqPlot] Finishing RTGraph

2022-05-14 10:03:48,242,INFO,[User] Platform: Linux-5.15.0-27-generic-x86_64-with-glibc2.35
2022-05-14 10:03:48,242,INFO,[User] Path: /media/cristian/cris_projects/hicce/pyqt_graph/plot_w_pkgs/py_rtplotzynq
2022-05-14 10:03:48,243,INFO,[User] Python: 3.10.4
2022-05-14 10:03:48,300,INFO,[RTAcqPlot] Starting RTGraph
2022-05-14 10:03:49,778,INFO,[MainWindow] Clicked start button...
2022-05-14 10:04:06,090,INFO,[RTAcqPlot] Finishing RTGraph

2022-05-14 10:04:28,633,INFO,[User] Platform: Linux-5.15.0-27-generic-x86_64-with-glibc2.35
2022-05-14 10:04:28,633,INFO,[User] Path: /media/cristian/cris_projects/hicce/pyqt_graph/plot_w_pkgs/py_rtplotzynq
2022-05-14 10:04:28,633,INFO,[User] Python: 3.10.4
2022-05-14 10:04:28,690,INFO,[RTAcqPlot] Starting RTGraph
2022-05-14 10:04:30,488,INFO,[MainWindow] Clicked start button...
2022-05-14 10:04:42,769,INFO,[RTAcqPlot] Finishing RTGraph

2022-05-14 10:11:39,981,INFO,[User] Platform: Linux-5.15.0-27-generic-x86_64-with-glibc2.35
2022-05-14 10:11:39,981,INFO,[User] Path: /media/cristian/cris_projects/hicce/pyqt_graph/plot_w_pkgs/py_rtplotzynq
2022-05-14 10:11:39,981,INFO,[User] Python: 3.10.4
2022-05-14 10:11:40,038,INFO,[RTAcqPlot] Starting RTGraph
2022-05-14 10:11:41,734,INFO,[MainWindow] Clicked start button...
2022-05-14 10:12:37,992,INFO,[RTAcqPlot] Finishing RTGraph

2022-05-14 10:12:42,219,INFO,[User] Platform: Linux-5.15.0-27-generic-x86_64-with-glibc2.35
2022-05-14 10:12:42,219,INFO,[User] Path: /media/cristian/cris_projects/hicce/pyqt_graph/plot_w_pkgs/py_rtplotzynq
2022-05-14 10:12:42,220,INFO,[User] Python: 3.10.4
2022-05-14 10:12:42,281,INFO,[RTAcqPlot] Starting RTGraph
2022-05-14 10:12:43,954,INFO,[MainWindow] Clicked start button...
2022-05-14 10:13:00,743,INFO,[RTAcqPlot] Finishing RTGraph

2022-05-14 10:13:25,435,INFO,[User] Platform: Linux-5.15.0-27-generic-x86_64-with-glibc2.35
2022-05-14 10:13:25,435,INFO,[User] Path: /media/cristian/cris_projects/hicce/pyqt_graph/plot_w_pkgs/py_rtplotzynq
2022-05-14 10:13:25,435,INFO,[User] Python: 3.10.4
2022-05-14 10:13:25,494,INFO,[RTAcqPlot] Starting RTGraph
2022-05-14 10:13:27,395,INFO,[MainWindow] Clicked start button...
2022-05-14 10:13:31,209,INFO,[RTAcqPlot] Finishing RTGraph

2022-05-14 10:13:51,423,INFO,[User] Platform: Linux-5.15.0-27-generic-x86_64-with-glibc2.35
2022-05-14 10:13:51,424,INFO,[User] Path: /media/cristian/cris_projects/hicce/pyqt_graph/plot_w_pkgs/py_rtplotzynq
2022-05-14 10:13:51,424,INFO,[User] Python: 3.10.4
2022-05-14 10:13:51,481,INFO,[RTAcqPlot] Starting RTGraph
2022-05-14 10:13:53,270,INFO,[MainWindow] Clicked start button...
2022-05-14 10:14:00,300,INFO,[RTAcqPlot] Finishing RTGraph

2022-05-14 10:26:10,682,INFO,[User] Platform: Linux-5.15.0-27-generic-x86_64-with-glibc2.35
2022-05-14 10:26:10,682,INFO,[User] Path: /media/cristian/cris_projects/hicce/pyqt_graph/plot_w_pkgs/py_rtplotzynq
2022-05-14 10:26:10,682,INFO,[User] Python: 3.10.4
2022-05-14 10:26:10,739,INFO,[RTAcqPlot] Starting RTGraph
2022-05-14 10:26:12,216,INFO,[MainWindow] Clicked start button...
2022-05-14 10:26:14,856,INFO,[MainWindow] Clicked stop button...
2022-05-14 10:26:16,974,INFO,[RTAcqPlot] Finishing RTGraph

2022-05-14 11:15:56,723,INFO,[User] Platform: Linux-5.15.0-27-generic-x86_64-with-glibc2.35
2022-05-14 11:15:56,724,INFO,[User] Path: /media/cristian/cris_projects/hicce/pyqt_graph/plot_w_pkgs/py_rtplotzynq
2022-05-14 11:15:56,724,INFO,[User] Python: 3.10.4
2022-05-14 11:15:56,781,INFO,[RTAcqPlot] Starting RTGraph
2022-05-14 11:15:59,770,INFO,[MainWindow] Clicked start button...
2022-05-14 11:16:03,466,INFO,[MainWindow] Clicked stop button...
2022-05-14 11:16:04,954,INFO,[MainWindow] Clicked start button...
2022-05-14 11:16:26,820,INFO,[RTAcqPlot] Finishing RTGraph

2022-05-16 09:49:35,972,INFO,[User] Platform: Linux-5.15.0-27-generic-x86_64-with-glibc2.35
2022-05-16 09:49:35,972,INFO,[User] Path: /media/cristian/cris_projects/hicce/pyqt_graph/plot_w_pkgs/py_rtplotzynq
2022-05-16 09:49:35,973,INFO,[User] Python: 3.10.4
2022-05-16 09:49:36,031,INFO,[RTAcqPlot] Starting RTGraph
2022-05-16 09:49:37,770,INFO,[MainWindow] Clicked start button...
2022-05-16 09:49:39,405,INFO,[MainWindow] Clicked stop button...
2022-05-16 09:49:42,723,INFO,[RTAcqPlot] Finishing RTGraph

2022-05-16 10:06:46,923,INFO,[User] Platform: Linux-5.15.0-27-generic-x86_64-with-glibc2.35
2022-05-16 10:06:46,924,INFO,[User] Path: /media/cristian/cris_projects/hicce/pyqt_graph/plot_w_pkgs/py_rtplotzynq
2022-05-16 10:06:46,924,INFO,[User] Python: 3.10.4
2022-05-16 10:06:46,983,INFO,[RTAcqPlot] Starting RTGraph
2022-05-16 10:07:35,609,INFO,[User] Platform: Linux-5.15.0-27-generic-x86_64-with-glibc2.35
2022-05-16 10:07:35,609,INFO,[User] Path: /media/cristian/cris_projects/hicce/pyqt_graph/plot_w_pkgs/py_rtplotzynq
2022-05-16 10:07:35,609,INFO,[User] Python: 3.10.4
2022-05-16 10:07:35,667,INFO,[RTAcqPlot] Starting RTGraph
2022-05-16 10:07:48,650,INFO,[User] Platform: Linux-5.15.0-27-generic-x86_64-with-glibc2.35
2022-05-16 10:07:48,650,INFO,[User] Path: /media/cristian/cris_projects/hicce/pyqt_graph/plot_w_pkgs/py_rtplotzynq
2022-05-16 10:07:48,650,INFO,[User] Python: 3.10.4
2022-05-16 10:07:48,710,INFO,[RTAcqPlot] Starting RTGraph
2022-05-16 10:07:50,403,INFO,[MainWindow] Clicked start button...
2022-05-16 10:07:51,587,INFO,[MainWindow] Clicked stop button...
2022-05-16 10:07:54,875,INFO,[RTAcqPlot] Finishing RTGraph

2022-05-16 11:14:44,708,INFO,[User] Platform: Linux-5.15.0-27-generic-x86_64-with-glibc2.35
2022-05-16 11:14:44,708,INFO,[User] Path: /media/cristian/cris_projects/hicce/ictp/py_rtplotzynq
2022-05-16 11:14:44,709,INFO,[User] Python: 3.10.4
2022-05-16 11:14:44,766,INFO,[RTAcqPlot] Starting RTGraph
2022-05-16 11:14:46,554,INFO,[MainWindow] Clicked start button...
2022-05-16 11:14:52,733,INFO,[MainWindow] Clicked stop button...
2022-05-16 11:14:54,380,INFO,[RTAcqPlot] Finishing RTGraph

2022-05-16 11:21:39,548,INFO,[User] Platform: Linux-5.15.0-27-generic-x86_64-with-glibc2.35
2022-05-16 11:21:39,548,INFO,[User] Path: /media/cristian/cris_projects/hicce/ictp/py_rtplotzynq
2022-05-16 11:21:39,549,INFO,[User] Python: 3.10.4
2022-05-16 11:21:39,611,INFO,[RTAcqPlot] Starting RTGraph
2022-05-16 11:21:41,415,INFO,[MainWindow] Clicked start button...
2022-05-16 11:21:49,727,INFO,[MainWindow] Clicked stop button...
2022-05-16 11:21:51,631,INFO,[RTAcqPlot] Finishing RTGraph

2022-05-16 11:23:25,702,INFO,[User] Platform: Linux-5.15.0-27-generic-x86_64-with-glibc2.35
2022-05-16 11:23:25,702,INFO,[User] Path: /media/cristian/cris_projects/hicce/ictp/py_rtplotzynq
2022-05-16 11:23:25,703,INFO,[User] Python: 3.10.4
2022-05-16 11:23:25,772,INFO,[RTAcqPlot] Starting RTGraph
2022-05-16 11:23:27,601,INFO,[MainWindow] Clicked start button...
2022-05-16 11:23:29,963,INFO,[MainWindow] Clicked stop button...
2022-05-16 11:23:31,275,INFO,[MainWindow] Clicked start button...
2022-05-16 11:23:36,818,INFO,[MainWindow] Clicked stop button...
2022-05-16 11:23:38,739,INFO,[RTAcqPlot] Finishing RTGraph

2022-05-16 11:25:13,624,INFO,[User] Platform: Linux-5.15.0-27-generic-x86_64-with-glibc2.35
2022-05-16 11:25:13,624,INFO,[User] Path: /media/cristian/cris_projects/hicce/ictp/py_rtplotzynq
2022-05-16 11:25:13,624,INFO,[User] Python: 3.10.4
2022-05-16 11:25:13,686,INFO,[RTAcqPlot] Starting RTGraph
2022-05-16 11:25:15,205,INFO,[MainWindow] Clicked start button...
2022-05-16 11:25:19,090,INFO,[MainWindow] Clicked stop button...
2022-05-16 11:25:20,140,INFO,[MainWindow] Clicked start button...
2022-05-16 11:25:23,237,INFO,[MainWindow] Clicked start button...
2022-05-16 11:25:24,949,INFO,[RTAcqPlot] Finishing RTGraph

2022-05-16 11:38:41,586,INFO,[User] Platform: Linux-5.15.0-27-generic-x86_64-with-glibc2.35
2022-05-16 11:38:41,586,INFO,[User] Path: /media/cristian/cris_projects/hicce/ictp/py_rtplotzynq
2022-05-16 11:38:41,586,INFO,[User] Python: 3.10.4
2022-05-16 11:38:41,644,INFO,[RTAcqPlot] Starting RTGraph
2022-05-16 11:38:43,243,INFO,[MainWindow] Clicked start button...
2022-05-16 11:38:46,452,INFO,[MainWindow] Clicked stop button...
2022-05-16 11:38:56,692,INFO,[RTAcqPlot] Finishing RTGraph

2022-05-16 11:41:39,894,INFO,[User] Platform: Linux-5.15.0-27-generic-x86_64-with-glibc2.35
2022-05-16 11:41:39,894,INFO,[User] Path: /media/cristian/cris_projects/hicce/ictp/py_rtplotzynq
2022-05-16 11:41:39,895,INFO,[User] Python: 3.10.4
2022-05-16 11:41:39,955,INFO,[RTAcqPlot] Starting RTGraph
2022-05-16 11:41:41,670,INFO,[MainWindow] Clicked start button...
2022-05-16 11:41:45,120,INFO,[MainWindow] Clicked stop button...
2022-05-16 11:41:47,316,INFO,[RTAcqPlot] Finishing RTGraph

2022-05-16 11:42:10,019,INFO,[User] Platform: Linux-5.15.0-27-generic-x86_64-with-glibc2.35
2022-05-16 11:42:10,020,INFO,[User] Path: /media/cristian/cris_projects/hicce/ictp/py_rtplotzynq
2022-05-16 11:42:10,020,INFO,[User] Python: 3.10.4
2022-05-16 11:42:10,080,INFO,[RTAcqPlot] Starting RTGraph
2022-05-16 11:42:12,112,INFO,[MainWindow] Clicked start button...
2022-05-16 11:42:17,482,INFO,[MainWindow] Clicked stop button...
2022-05-16 11:42:20,103,INFO,[RTAcqPlot] Finishing RTGraph

2022-05-16 11:42:46,218,INFO,[User] Platform: Linux-5.15.0-27-generic-x86_64-with-glibc2.35
2022-05-16 11:42:46,218,INFO,[User] Path: /media/cristian/cris_projects/hicce/ictp/py_rtplotzynq
2022-05-16 11:42:46,218,INFO,[User] Python: 3.10.4
2022-05-16 11:42:46,278,INFO,[RTAcqPlot] Starting RTGraph
2022-05-16 11:42:47,669,INFO,[MainWindow] Clicked start button...
2022-05-16 11:42:50,310,INFO,[MainWindow] Clicked stop button...
2022-05-16 11:42:51,847,INFO,[RTAcqPlot] Finishing RTGraph

2022-05-16 11:46:53,526,INFO,[User] Platform: Linux-5.15.0-27-generic-x86_64-with-glibc2.35
2022-05-16 11:46:53,526,INFO,[User] Path: /media/cristian/cris_projects/hicce/ictp/py_rtplotzynq
2022-05-16 11:46:53,527,INFO,[User] Python: 3.10.4
2022-05-16 11:46:53,586,INFO,[RTAcqPlot] Starting RTGraph
2022-05-16 11:46:55,151,INFO,[MainWindow] Clicked start button...
2022-05-16 11:47:07,826,INFO,[MainWindow] Clicked stop button...
2022-05-16 11:47:10,297,INFO,[RTAcqPlot] Finishing RTGraph

2022-05-16 11:53:14,302,INFO,[User] Platform: Linux-5.15.0-27-generic-x86_64-with-glibc2.35
2022-05-16 11:53:14,302,INFO,[User] Path: /media/cristian/cris_projects/hicce/ictp/py_rtplotzynq
2022-05-16 11:53:14,303,INFO,[User] Python: 3.10.4
2022-05-16 11:53:14,362,INFO,[RTAcqPlot] Starting RTGraph
2022-05-16 11:53:15,586,INFO,[MainWindow] Clicked start button...
2022-05-16 11:53:20,783,INFO,[MainWindow] Clicked stop button...
2022-05-16 11:53:22,486,INFO,[RTAcqPlot] Finishing RTGraph

2022-05-16 11:55:59,880,INFO,[User] Platform: Linux-5.15.0-27-generic-x86_64-with-glibc2.35
2022-05-16 11:55:59,880,INFO,[User] Path: /media/cristian/cris_projects/hicce/ictp/py_rtplotzynq
2022-05-16 11:55:59,880,INFO,[User] Python: 3.10.4
2022-05-16 11:55:59,940,INFO,[RTAcqPlot] Starting RTGraph
2022-05-16 11:56:01,377,INFO,[MainWindow] Clicked start button...
2022-05-16 11:56:08,651,INFO,[MainWindow] Clicked stop button...
2022-05-16 11:56:10,978,INFO,[RTAcqPlot] Finishing RTGraph

2022-05-16 12:11:13,559,INFO,[User] Platform: Linux-5.15.0-27-generic-x86_64-with-glibc2.35
2022-05-16 12:11:13,559,INFO,[User] Path: /media/cristian/cris_projects/hicce/ictp/py_rtplotzynq
2022-05-16 12:11:13,559,INFO,[User] Python: 3.10.4
2022-05-16 12:11:13,618,INFO,[RTAcqPlot] Starting RTGraph
2022-05-16 12:11:15,571,INFO,[MainWindow] Clicked start button...
2022-05-16 12:11:18,496,INFO,[MainWindow] Clicked stop button...
2022-05-16 12:11:57,678,INFO,[RTAcqPlot] Finishing RTGraph

2022-05-16 12:11:57,975,INFO,[User] Platform: Linux-5.15.0-27-generic-x86_64-with-glibc2.35
2022-05-16 12:11:57,975,INFO,[User] Path: /media/cristian/cris_projects/hicce/ictp/py_rtplotzynq
2022-05-16 12:11:57,975,INFO,[User] Python: 3.10.4
2022-05-16 12:11:58,033,INFO,[RTAcqPlot] Starting RTGraph
2022-05-16 12:12:07,229,INFO,[RTAcqPlot] Finishing RTGraph

2022-05-16 12:12:11,824,INFO,[User] Platform: Linux-5.15.0-27-generic-x86_64-with-glibc2.35
2022-05-16 12:12:11,824,INFO,[User] Path: /media/cristian/cris_projects/hicce/ictp/py_rtplotzynq
2022-05-16 12:12:11,825,INFO,[User] Python: 3.10.4
2022-05-16 12:12:11,881,INFO,[RTAcqPlot] Starting RTGraph
2022-05-16 12:12:14,304,INFO,[MainWindow] Clicked start button...
2022-05-16 12:12:15,803,INFO,[MainWindow] Clicked stop button...
2022-05-16 12:12:20,678,INFO,[RTAcqPlot] Finishing RTGraph

2022-05-16 12:14:21,684,INFO,[User] Platform: Linux-5.15.0-27-generic-x86_64-with-glibc2.35
2022-05-16 12:14:21,684,INFO,[User] Path: /media/cristian/cris_projects/hicce/ictp/py_rtplotzynq
2022-05-16 12:14:21,685,INFO,[User] Python: 3.10.4
2022-05-16 12:14:21,757,INFO,[RTAcqPlot] Starting RTGraph
2022-05-16 12:14:23,779,INFO,[MainWindow] Clicked start button...
2022-05-16 12:14:25,459,INFO,[MainWindow] Clicked stop button...
2022-05-16 12:14:46,556,INFO,[MainWindow] Clicked start button...
2022-05-16 12:14:47,629,INFO,[MainWindow] Clicked stop button...
2022-05-16 12:14:50,108,INFO,[RTAcqPlot] Finishing RTGraph

2022-05-16 12:14:56,360,INFO,[User] Platform: Linux-5.15.0-27-generic-x86_64-with-glibc2.35
2022-05-16 12:14:56,360,INFO,[User] Path: /media/cristian/cris_projects/hicce/ictp/py_rtplotzynq
2022-05-16 12:14:56,361,INFO,[User] Python: 3.10.4
2022-05-16 12:14:56,419,INFO,[RTAcqPlot] Starting RTGraph
2022-05-16 12:14:58,024,INFO,[MainWindow] Clicked start button...
2022-05-16 12:14:59,148,INFO,[MainWindow] Clicked stop button...
2022-05-16 12:15:45,566,INFO,[MainWindow] Clicked start button...
2022-05-16 12:15:46,504,INFO,[MainWindow] Clicked stop button...
2022-05-16 12:15:48,370,INFO,[RTAcqPlot] Finishing RTGraph

2022-05-16 12:15:48,658,INFO,[User] Platform: Linux-5.15.0-27-generic-x86_64-with-glibc2.35
2022-05-16 12:15:48,659,INFO,[User] Path: /media/cristian/cris_projects/hicce/ictp/py_rtplotzynq
2022-05-16 12:15:48,659,INFO,[User] Python: 3.10.4
2022-05-16 12:15:48,716,INFO,[RTAcqPlot] Starting RTGraph
2022-05-16 12:15:50,993,INFO,[RTAcqPlot] Finishing RTGraph

2022-05-16 12:15:54,805,INFO,[User] Platform: Linux-5.15.0-27-generic-x86_64-with-glibc2.35
2022-05-16 12:15:54,805,INFO,[User] Path: /media/cristian/cris_projects/hicce/ictp/py_rtplotzynq
2022-05-16 12:15:54,805,INFO,[User] Python: 3.10.4
2022-05-16 12:15:54,861,INFO,[RTAcqPlot] Starting RTGraph
2022-05-16 12:15:56,516,INFO,[MainWindow] Clicked start button...
2022-05-16 12:15:59,502,INFO,[MainWindow] Clicked stop button...
2022-05-16 12:16:00,447,INFO,[MainWindow] Clicked start button...
2022-05-16 12:16:34,444,INFO,[MainWindow] Clicked stop button...
2022-05-16 12:16:37,043,INFO,[RTAcqPlot] Finishing RTGraph

2022-05-16 14:09:43,843,INFO,[User] Platform: Linux-5.15.0-27-generic-x86_64-with-glibc2.35
2022-05-16 14:09:43,843,INFO,[User] Path: /media/cristian/cris_projects/hicce/ictp/py_rtplotzynq
2022-05-16 14:09:43,843,INFO,[User] Python: 3.10.4
2022-05-16 14:09:43,901,INFO,[RTAcqPlot] Starting RTGraph
2022-05-16 14:09:45,730,INFO,[MainWindow] Clicked start button...
2022-05-16 14:10:28,061,INFO,[MainWindow] Clicked stop button...
2022-05-16 14:10:31,631,INFO,[RTAcqPlot] Finishing RTGraph

2022-05-16 14:34:33,364,INFO,[User] Platform: Linux-5.15.0-27-generic-x86_64-with-glibc2.35
2022-05-16 14:34:33,364,INFO,[User] Path: /media/cristian/cris_projects/hicce/ictp/py_rtplotzynq
2022-05-16 14:34:33,364,INFO,[User] Python: 3.10.4
2022-05-16 14:34:33,423,INFO,[RTAcqPlot] Starting RTGraph
2022-05-16 14:34:42,949,INFO,[MainWindow] Clicked start button...
2022-05-16 14:34:43,826,INFO,[MainWindow] Clicked start button...
2022-05-16 14:34:46,271,INFO,[MainWindow] Clicked stop button...
2022-05-16 15:06:54,066,INFO,[RTAcqPlot] Finishing RTGraph

2022-05-16 15:06:59,684,INFO,[User] Platform: Linux-5.15.0-27-generic-x86_64-with-glibc2.35
2022-05-16 15:06:59,684,INFO,[User] Path: /media/cristian/cris_projects/hicce/ictp/py_rtplotzynq
2022-05-16 15:06:59,685,INFO,[User] Python: 3.10.4
2022-05-16 15:06:59,741,INFO,[RTAcqPlot] Starting RTGraph
2022-05-16 15:07:03,683,INFO,[MainWindow] Send 8-Bits to LEDs on ZedBoard
2022-05-16 15:07:07,152,INFO,[RTAcqPlot] Finishing RTGraph

2022-05-16 15:09:47,846,INFO,[User] Platform: Linux-5.15.0-27-generic-x86_64-with-glibc2.35
2022-05-16 15:09:47,847,INFO,[User] Path: /media/cristian/cris_projects/hicce/ictp/py_rtplotzynq
2022-05-16 15:09:47,847,INFO,[User] Python: 3.10.4
2022-05-16 15:09:47,905,INFO,[RTAcqPlot] Starting RTGraph
2022-05-16 15:09:50,401,INFO,[MainWindow] Send 8-Bits to LEDs on ZedBoard
2022-05-16 15:09:53,220,INFO,[RTAcqPlot] Finishing RTGraph

2022-05-16 15:10:29,545,INFO,[User] Platform: Linux-5.15.0-27-generic-x86_64-with-glibc2.35
2022-05-16 15:10:29,545,INFO,[User] Path: /media/cristian/cris_projects/hicce/ictp/py_rtplotzynq
2022-05-16 15:10:29,546,INFO,[User] Python: 3.10.4
2022-05-16 15:10:29,602,INFO,[RTAcqPlot] Starting RTGraph
2022-05-16 15:10:32,291,INFO,[MainWindow] Send 8-Bits to LEDs on ZedBoard
2022-05-16 15:10:35,077,INFO,[RTAcqPlot] Finishing RTGraph

2022-05-16 15:11:59,048,INFO,[User] Platform: Linux-5.15.0-27-generic-x86_64-with-glibc2.35
2022-05-16 15:11:59,048,INFO,[User] Path: /media/cristian/cris_projects/hicce/ictp/py_rtplotzynq
2022-05-16 15:11:59,048,INFO,[User] Python: 3.10.4
2022-05-16 15:11:59,109,INFO,[RTAcqPlot] Starting RTGraph
2022-05-16 15:12:02,982,INFO,[MainWindow] Send 8-Bits to LEDs on ZedBoard
2022-05-16 15:12:06,629,INFO,[RTAcqPlot] Finishing RTGraph

2022-05-16 15:14:18,192,INFO,[User] Platform: Linux-5.15.0-27-generic-x86_64-with-glibc2.35
2022-05-16 15:14:18,192,INFO,[User] Path: /media/cristian/cris_projects/hicce/ictp/py_rtplotzynq
2022-05-16 15:14:18,192,INFO,[User] Python: 3.10.4
2022-05-16 15:14:18,251,INFO,[RTAcqPlot] Starting RTGraph
2022-05-16 15:14:24,515,INFO,[MainWindow] Send 8-Bits to LEDs on ZedBoard
2022-05-16 15:14:52,024,INFO,[RTAcqPlot] Finishing RTGraph

2022-05-16 15:14:55,777,INFO,[User] Platform: Linux-5.15.0-27-generic-x86_64-with-glibc2.35
2022-05-16 15:14:55,777,INFO,[User] Path: /media/cristian/cris_projects/hicce/ictp/py_rtplotzynq
2022-05-16 15:14:55,778,INFO,[User] Python: 3.10.4
2022-05-16 15:14:55,837,INFO,[RTAcqPlot] Starting RTGraph
2022-05-16 15:14:58,881,INFO,[MainWindow] Send 8-Bits to LEDs on ZedBoard
2022-05-16 15:15:01,392,INFO,[RTAcqPlot] Finishing RTGraph

2022-05-16 15:16:20,688,INFO,[User] Platform: Linux-5.15.0-27-generic-x86_64-with-glibc2.35
2022-05-16 15:16:20,689,INFO,[User] Path: /media/cristian/cris_projects/hicce/ictp/py_rtplotzynq
2022-05-16 15:16:20,689,INFO,[User] Python: 3.10.4
2022-05-16 15:16:20,746,INFO,[RTAcqPlot] Starting RTGraph
2022-05-16 15:16:23,707,INFO,[MainWindow] Send 8-Bits to LEDs on ZedBoard
2022-05-16 15:16:25,921,INFO,[RTAcqPlot] Finishing RTGraph

2022-05-16 15:28:33,466,INFO,[User] Platform: Linux-5.15.0-27-generic-x86_64-with-glibc2.35
2022-05-16 15:28:33,466,INFO,[User] Path: /media/cristian/cris_projects/hicce/ictp/py_rtplotzynq
2022-05-16 15:28:33,466,INFO,[User] Python: 3.10.4
2022-05-16 15:28:33,532,INFO,[RTAcqPlot] Starting RTGraph
2022-05-16 15:29:06,593,INFO,[User] Platform: Linux-5.15.0-27-generic-x86_64-with-glibc2.35
2022-05-16 15:29:06,593,INFO,[User] Path: /media/cristian/cris_projects/hicce/ictp/py_rtplotzynq
2022-05-16 15:29:06,593,INFO,[User] Python: 3.10.4
2022-05-16 15:29:06,650,INFO,[RTAcqPlot] Starting RTGraph
2022-05-16 15:29:09,773,INFO,[MainWindow] Send 8-Bits to LEDs on ZedBoard
2022-05-16 15:29:32,767,INFO,[RTAcqPlot] Finishing RTGraph

2022-05-16 15:29:37,058,INFO,[User] Platform: Linux-5.15.0-27-generic-x86_64-with-glibc2.35
2022-05-16 15:29:37,058,INFO,[User] Path: /media/cristian/cris_projects/hicce/ictp/py_rtplotzynq
2022-05-16 15:29:37,058,INFO,[User] Python: 3.10.4
2022-05-16 15:29:37,116,INFO,[RTAcqPlot] Starting RTGraph
2022-05-16 15:29:39,233,INFO,[MainWindow] Send 8-Bits to LEDs on ZedBoard
2022-05-16 15:29:41,728,INFO,[RTAcqPlot] Finishing RTGraph

2022-05-16 15:31:47,525,INFO,[User] Platform: Linux-5.15.0-27-generic-x86_64-with-glibc2.35
2022-05-16 15:31:47,525,INFO,[User] Path: /media/cristian/cris_projects/hicce/ictp/py_rtplotzynq
2022-05-16 15:31:47,526,INFO,[User] Python: 3.10.4
2022-05-16 15:31:47,589,INFO,[RTAcqPlot] Starting RTGraph
2022-05-16 15:32:31,582,INFO,[User] Platform: Linux-5.15.0-27-generic-x86_64-with-glibc2.35
2022-05-16 15:32:31,583,INFO,[User] Path: /media/cristian/cris_projects/hicce/ictp/py_rtplotzynq
2022-05-16 15:32:31,583,INFO,[User] Python: 3.10.4
2022-05-16 15:32:31,643,INFO,[RTAcqPlot] Starting RTGraph
2022-05-16 15:33:49,171,INFO,[User] Platform: Linux-5.15.0-27-generic-x86_64-with-glibc2.35
2022-05-16 15:33:49,171,INFO,[User] Path: /media/cristian/cris_projects/hicce/ictp/py_rtplotzynq
2022-05-16 15:33:49,171,INFO,[User] Python: 3.10.4
2022-05-16 15:33:49,230,INFO,[RTAcqPlot] Starting RTGraph
2022-05-16 15:34:00,104,INFO,[User] Platform: Linux-5.15.0-27-generic-x86_64-with-glibc2.35
2022-05-16 15:34:00,104,INFO,[User] Path: /media/cristian/cris_projects/hicce/ictp/py_rtplotzynq
2022-05-16 15:34:00,104,INFO,[User] Python: 3.10.4
2022-05-16 15:34:00,162,INFO,[RTAcqPlot] Starting RTGraph
2022-05-16 15:34:25,889,INFO,[User] Platform: Linux-5.15.0-27-generic-x86_64-with-glibc2.35
2022-05-16 15:34:25,889,INFO,[User] Path: /media/cristian/cris_projects/hicce/ictp/py_rtplotzynq
2022-05-16 15:34:25,889,INFO,[User] Python: 3.10.4
2022-05-16 15:34:25,946,INFO,[RTAcqPlot] Starting RTGraph
2022-05-16 15:34:31,743,INFO,[MainWindow] Send 8-Bits to LEDs on ZedBoard
2022-05-16 15:36:12,873,INFO,[MainWindow] Send 8-Bits to LEDs on ZedBoard
2022-05-16 15:36:14,891,INFO,[RTAcqPlot] Finishing RTGraph

2022-05-16 15:36:18,262,INFO,[User] Platform: Linux-5.15.0-27-generic-x86_64-with-glibc2.35
2022-05-16 15:36:18,263,INFO,[User] Path: /media/cristian/cris_projects/hicce/ictp/py_rtplotzynq
2022-05-16 15:36:18,263,INFO,[User] Python: 3.10.4
2022-05-16 15:36:18,321,INFO,[RTAcqPlot] Starting RTGraph
2022-05-16 15:36:22,894,INFO,[MainWindow] Send 8-Bits to LEDs on ZedBoard
2022-05-16 15:38:36,879,INFO,[RTAcqPlot] Finishing RTGraph

2022-05-16 15:38:40,030,INFO,[User] Platform: Linux-5.15.0-27-generic-x86_64-with-glibc2.35
2022-05-16 15:38:40,031,INFO,[User] Path: /media/cristian/cris_projects/hicce/ictp/py_rtplotzynq
2022-05-16 15:38:40,031,INFO,[User] Python: 3.10.4
2022-05-16 15:38:40,095,INFO,[RTAcqPlot] Starting RTGraph
2022-05-16 15:38:42,509,INFO,[MainWindow] Send 8-Bits to LEDs on ZedBoard
2022-05-16 15:38:45,348,INFO,[RTAcqPlot] Finishing RTGraph

2022-05-16 15:46:29,580,INFO,[User] Platform: Linux-5.15.0-27-generic-x86_64-with-glibc2.35
2022-05-16 15:46:29,581,INFO,[User] Path: /media/cristian/cris_projects/hicce/ictp/py_rtplotzynq
2022-05-16 15:46:29,581,INFO,[User] Python: 3.10.4
2022-05-16 15:46:29,641,INFO,[RTAcqPlot] Starting RTGraph
2022-05-16 15:46:32,298,INFO,[MainWindow] Send 8-Bits to LEDs on ZedBoard
2022-05-16 15:46:34,987,INFO,[RTAcqPlot] Finishing RTGraph

2022-05-16 15:52:10,801,INFO,[User] Platform: Linux-5.15.0-27-generic-x86_64-with-glibc2.35
2022-05-16 15:52:10,801,INFO,[User] Path: /media/cristian/cris_projects/hicce/ictp/py_rtplotzynq
2022-05-16 15:52:10,801,INFO,[User] Python: 3.10.4
2022-05-16 15:52:10,862,INFO,[RTAcqPlot] Starting RTGraph
2022-05-16 15:52:13,783,INFO,[MainWindow] Send 8-Bits to LEDs on ZedBoard
2022-05-16 15:57:24,359,INFO,[RTAcqPlot] Finishing RTGraph

2022-05-16 15:57:28,528,INFO,[User] Platform: Linux-5.15.0-27-generic-x86_64-with-glibc2.35
2022-05-16 15:57:28,528,INFO,[User] Path: /media/cristian/cris_projects/hicce/ictp/py_rtplotzynq
2022-05-16 15:57:28,528,INFO,[User] Python: 3.10.4
2022-05-16 15:57:28,585,INFO,[RTAcqPlot] Starting RTGraph
2022-05-16 15:57:31,135,INFO,[MainWindow] Send 8-Bits to LEDs on ZedBoard
2022-05-16 15:57:34,021,INFO,[RTAcqPlot] Finishing RTGraph

2022-05-16 15:58:38,939,INFO,[User] Platform: Linux-5.15.0-27-generic-x86_64-with-glibc2.35
2022-05-16 15:58:38,939,INFO,[User] Path: /media/cristian/cris_projects/hicce/ictp/py_rtplotzynq
2022-05-16 15:58:38,939,INFO,[User] Python: 3.10.4
2022-05-16 15:58:38,998,INFO,[RTAcqPlot] Starting RTGraph
2022-05-16 15:58:41,665,INFO,[MainWindow] Send 8-Bits to LEDs on ZedBoard
2022-05-16 15:58:43,653,INFO,[RTAcqPlot] Finishing RTGraph

2022-05-17 09:53:05,702,INFO,[User] Platform: Linux-5.15.0-27-generic-x86_64-with-glibc2.35
2022-05-17 09:53:05,703,INFO,[User] Path: /media/cristian/cris_projects/hicce/ictp/py_rtplotzynq
2022-05-17 09:53:05,703,INFO,[User] Python: 3.10.4
2022-05-17 09:53:05,767,INFO,[RTAcqPlot] Starting RT Plot for Zynq
2022-05-17 09:56:44,957,INFO,[User] Platform: Linux-5.15.0-27-generic-x86_64-with-glibc2.35
2022-05-17 09:56:44,957,INFO,[User] Path: /media/cristian/cris_projects/hicce/ictp/py_rtplotzynq
2022-05-17 09:56:44,957,INFO,[User] Python: 3.10.4
2022-05-17 09:56:45,018,INFO,[RTAcqPlot] Starting RT Plot for Zynq
2022-05-17 09:56:48,573,INFO,[MainWindow] Send 8-Bits to LEDs on ZedBoard
2022-05-17 10:12:24,910,INFO,[RTAcqPlot] Finishing RTGraph

2022-05-17 10:12:25,170,INFO,[User] Platform: Linux-5.15.0-27-generic-x86_64-with-glibc2.35
2022-05-17 10:12:25,170,INFO,[User] Path: /media/cristian/cris_projects/hicce/ictp/py_rtplotzynq
2022-05-17 10:12:25,171,INFO,[User] Python: 3.10.4
2022-05-17 10:12:25,229,INFO,[RTAcqPlot] Starting RT Plot for Zynq
2022-05-17 10:12:29,340,INFO,[MainWindow] Send 8-Bits to LEDs on ZedBoard
2022-05-17 10:12:32,899,INFO,[RTAcqPlot] Finishing RTGraph

2022-05-17 10:16:14,368,INFO,[User] Platform: Linux-5.15.0-27-generic-x86_64-with-glibc2.35
2022-05-17 10:16:14,369,INFO,[User] Path: /media/cristian/cris_projects/hicce/ictp/py_rtplotzynq
2022-05-17 10:16:14,369,INFO,[User] Python: 3.10.4
2022-05-17 10:16:14,434,INFO,[RTAcqPlot] Starting RT Plot for Zynq
2022-05-17 10:16:17,334,INFO,[MainWindow] Send 8-Bits to LEDs on ZedBoard
2022-05-17 10:18:17,721,INFO,[RTAcqPlot] Finishing RTGraph

2022-05-17 10:18:20,972,INFO,[User] Platform: Linux-5.15.0-27-generic-x86_64-with-glibc2.35
2022-05-17 10:18:20,972,INFO,[User] Path: /media/cristian/cris_projects/hicce/ictp/py_rtplotzynq
2022-05-17 10:18:20,973,INFO,[User] Python: 3.10.4
2022-05-17 10:18:21,030,INFO,[RTAcqPlot] Starting RT Plot for Zynq
2022-05-17 10:19:40,949,INFO,[User] Platform: Linux-5.15.0-27-generic-x86_64-with-glibc2.35
2022-05-17 10:19:40,949,INFO,[User] Path: /media/cristian/cris_projects/hicce/ictp/py_rtplotzynq
2022-05-17 10:19:40,949,INFO,[User] Python: 3.10.4
2022-05-17 10:19:41,009,INFO,[RTAcqPlot] Starting RT Plot for Zynq
2022-05-17 10:20:02,298,INFO,[User] Platform: Linux-5.15.0-27-generic-x86_64-with-glibc2.35
2022-05-17 10:20:02,298,INFO,[User] Path: /media/cristian/cris_projects/hicce/ictp/py_rtplotzynq
2022-05-17 10:20:02,299,INFO,[User] Python: 3.10.4
2022-05-17 10:20:02,360,INFO,[RTAcqPlot] Starting RT Plot for Zynq
2022-05-17 10:20:05,095,INFO,[MainWindow] Send 8-Bits to LEDs on ZedBoard
2022-05-17 10:31:50,765,INFO,[RTAcqPlot] Finishing RTGraph

2022-05-17 10:31:53,440,INFO,[User] Platform: Linux-5.15.0-27-generic-x86_64-with-glibc2.35
2022-05-17 10:31:53,440,INFO,[User] Path: /media/cristian/cris_projects/hicce/ictp/py_rtplotzynq
2022-05-17 10:31:53,440,INFO,[User] Python: 3.10.4
2022-05-17 10:31:53,496,INFO,[RTAcqPlot] Starting RT Plot for Zynq
2022-05-17 10:31:55,904,INFO,[MainWindow] Send 8-Bits to LEDs on ZedBoard
2022-05-17 10:33:51,148,INFO,[RTAcqPlot] Finishing RTGraph

2022-05-17 10:33:57,393,INFO,[User] Platform: Linux-5.15.0-27-generic-x86_64-with-glibc2.35
2022-05-17 10:33:57,393,INFO,[User] Path: /media/cristian/cris_projects/hicce/ictp/py_rtplotzynq
2022-05-17 10:33:57,393,INFO,[User] Python: 3.10.4
2022-05-17 10:33:57,450,INFO,[RTAcqPlot] Starting RT Plot for Zynq
2022-05-17 10:33:59,745,INFO,[MainWindow] Send 8-Bits to LEDs on ZedBoard
2022-05-17 10:34:35,606,INFO,[RTAcqPlot] Finishing RTGraph

2022-05-17 10:35:38,801,INFO,[User] Platform: Linux-5.15.0-27-generic-x86_64-with-glibc2.35
2022-05-17 10:35:38,801,INFO,[User] Path: /media/cristian/cris_projects/hicce/ictp/py_rtplotzynq
2022-05-17 10:35:38,801,INFO,[User] Python: 3.10.4
2022-05-17 10:35:38,860,INFO,[RTAcqPlot] Starting RT Plot for Zynq
2022-05-17 10:35:41,651,INFO,[MainWindow] Send 8-Bits to LEDs on ZedBoard
2022-05-17 10:36:27,459,INFO,[RTAcqPlot] Finishing RTGraph

2022-05-17 10:36:29,427,INFO,[User] Platform: Linux-5.15.0-27-generic-x86_64-with-glibc2.35
2022-05-17 10:36:29,427,INFO,[User] Path: /media/cristian/cris_projects/hicce/ictp/py_rtplotzynq
2022-05-17 10:36:29,427,INFO,[User] Python: 3.10.4
2022-05-17 10:36:29,490,INFO,[RTAcqPlot] Starting RT Plot for Zynq
2022-05-17 10:36:32,299,INFO,[MainWindow] Send 8-Bits to LEDs on ZedBoard
2022-05-17 10:37:05,657,INFO,[RTAcqPlot] Finishing RTGraph

2022-05-17 10:37:08,173,INFO,[User] Platform: Linux-5.15.0-27-generic-x86_64-with-glibc2.35
2022-05-17 10:37:08,173,INFO,[User] Path: /media/cristian/cris_projects/hicce/ictp/py_rtplotzynq
2022-05-17 10:37:08,173,INFO,[User] Python: 3.10.4
2022-05-17 10:37:08,231,INFO,[RTAcqPlot] Starting RT Plot for Zynq
2022-05-17 10:37:10,663,INFO,[MainWindow] Send 8-Bits to LEDs on ZedBoard
2022-05-17 10:57:07,598,INFO,[RTAcqPlot] Finishing RTGraph

2022-05-17 10:57:09,770,INFO,[User] Platform: Linux-5.15.0-27-generic-x86_64-with-glibc2.35
2022-05-17 10:57:09,770,INFO,[User] Path: /media/cristian/cris_projects/hicce/ictp/py_rtplotzynq
2022-05-17 10:57:09,771,INFO,[User] Python: 3.10.4
2022-05-17 10:57:09,829,INFO,[RTAcqPlot] Starting RT Plot for Zynq
2022-05-17 10:57:12,087,INFO,[MainWindow] Send 8-Bits to LEDs on ZedBoard
2022-05-17 11:07:56,233,INFO,[RTAcqPlot] Finishing RTGraph

2022-05-17 11:07:57,502,INFO,[User] Platform: Linux-5.15.0-27-generic-x86_64-with-glibc2.35
2022-05-17 11:07:57,502,INFO,[User] Path: /media/cristian/cris_projects/hicce/ictp/py_rtplotzynq
2022-05-17 11:07:57,502,INFO,[User] Python: 3.10.4
2022-05-17 11:07:57,563,INFO,[RTAcqPlot] Starting RT Plot for Zynq
2022-05-17 11:07:59,786,INFO,[MainWindow] Send 8-Bits to LEDs on ZedBoard
2022-05-17 11:15:07,425,INFO,[RTAcqPlot] Finishing RTGraph

2022-05-17 11:15:09,091,INFO,[User] Platform: Linux-5.15.0-27-generic-x86_64-with-glibc2.35
2022-05-17 11:15:09,092,INFO,[User] Path: /media/cristian/cris_projects/hicce/ictp/py_rtplotzynq
2022-05-17 11:15:09,092,INFO,[User] Python: 3.10.4
2022-05-17 11:15:09,150,INFO,[RTAcqPlot] Starting RT Plot for Zynq
2022-05-17 11:15:12,039,INFO,[MainWindow] Send 8-Bits to LEDs on ZedBoard
2022-05-17 11:16:19,695,INFO,[RTAcqPlot] Finishing RTGraph

2022-05-17 11:16:21,791,INFO,[User] Platform: Linux-5.15.0-27-generic-x86_64-with-glibc2.35
2022-05-17 11:16:21,792,INFO,[User] Path: /media/cristian/cris_projects/hicce/ictp/py_rtplotzynq
2022-05-17 11:16:21,792,INFO,[User] Python: 3.10.4
2022-05-17 11:16:21,852,INFO,[RTAcqPlot] Starting RT Plot for Zynq
2022-05-17 11:16:24,526,INFO,[MainWindow] Send 8-Bits to LEDs on ZedBoard
2022-05-17 11:16:36,466,INFO,[RTAcqPlot] Finishing RTGraph

2022-05-17 11:16:38,423,INFO,[User] Platform: Linux-5.15.0-27-generic-x86_64-with-glibc2.35
2022-05-17 11:16:38,423,INFO,[User] Path: /media/cristian/cris_projects/hicce/ictp/py_rtplotzynq
2022-05-17 11:16:38,423,INFO,[User] Python: 3.10.4
2022-05-17 11:16:38,482,INFO,[RTAcqPlot] Starting RT Plot for Zynq
2022-05-17 11:16:40,726,INFO,[MainWindow] Send 8-Bits to LEDs on ZedBoard
2022-05-17 11:17:47,609,INFO,[RTAcqPlot] Finishing RTGraph

2022-05-17 11:17:49,504,INFO,[User] Platform: Linux-5.15.0-27-generic-x86_64-with-glibc2.35
2022-05-17 11:17:49,505,INFO,[User] Path: /media/cristian/cris_projects/hicce/ictp/py_rtplotzynq
2022-05-17 11:17:49,505,INFO,[User] Python: 3.10.4
2022-05-17 11:17:49,566,INFO,[RTAcqPlot] Starting RT Plot for Zynq
2022-05-17 11:17:52,082,INFO,[MainWindow] Send 8-Bits to LEDs on ZedBoard
2022-05-17 11:18:25,392,INFO,[RTAcqPlot] Finishing RTGraph

2022-05-17 11:18:27,223,INFO,[User] Platform: Linux-5.15.0-27-generic-x86_64-with-glibc2.35
2022-05-17 11:18:27,224,INFO,[User] Path: /media/cristian/cris_projects/hicce/ictp/py_rtplotzynq
2022-05-17 11:18:27,224,INFO,[User] Python: 3.10.4
2022-05-17 11:18:27,288,INFO,[RTAcqPlot] Starting RT Plot for Zynq
2022-05-17 11:18:29,359,INFO,[MainWindow] Send 8-Bits to LEDs on ZedBoard
2022-05-17 11:19:10,230,INFO,[RTAcqPlot] Finishing RTGraph

2022-05-17 11:19:12,383,INFO,[User] Platform: Linux-5.15.0-27-generic-x86_64-with-glibc2.35
2022-05-17 11:19:12,383,INFO,[User] Path: /media/cristian/cris_projects/hicce/ictp/py_rtplotzynq
2022-05-17 11:19:12,384,INFO,[User] Python: 3.10.4
2022-05-17 11:19:12,441,INFO,[RTAcqPlot] Starting RT Plot for Zynq
2022-05-17 11:19:15,034,INFO,[MainWindow] Send 8-Bits to LEDs on ZedBoard
2022-05-17 11:19:46,019,INFO,[RTAcqPlot] Finishing RTGraph

2022-05-17 11:19:46,357,INFO,[User] Platform: Linux-5.15.0-27-generic-x86_64-with-glibc2.35
2022-05-17 11:19:46,357,INFO,[User] Path: /media/cristian/cris_projects/hicce/ictp/py_rtplotzynq
2022-05-17 11:19:46,357,INFO,[User] Python: 3.10.4
2022-05-17 11:19:46,421,INFO,[RTAcqPlot] Starting RT Plot for Zynq
2022-05-17 11:19:49,062,INFO,[MainWindow] Send 8-Bits to LEDs on ZedBoard
2022-05-17 11:20:33,794,INFO,[RTAcqPlot] Finishing RTGraph

2022-05-17 11:20:35,512,INFO,[User] Platform: Linux-5.15.0-27-generic-x86_64-with-glibc2.35
2022-05-17 11:20:35,512,INFO,[User] Path: /media/cristian/cris_projects/hicce/ictp/py_rtplotzynq
2022-05-17 11:20:35,513,INFO,[User] Python: 3.10.4
2022-05-17 11:20:35,574,INFO,[RTAcqPlot] Starting RT Plot for Zynq
2022-05-17 11:20:37,662,INFO,[MainWindow] Send 8-Bits to LEDs on ZedBoard
2022-05-17 11:22:39,807,INFO,[RTAcqPlot] Finishing RTGraph

2022-05-17 11:22:41,735,INFO,[User] Platform: Linux-5.15.0-27-generic-x86_64-with-glibc2.35
2022-05-17 11:22:41,735,INFO,[User] Path: /media/cristian/cris_projects/hicce/ictp/py_rtplotzynq
2022-05-17 11:22:41,735,INFO,[User] Python: 3.10.4
2022-05-17 11:22:41,799,INFO,[RTAcqPlot] Starting RT Plot for Zynq
2022-05-17 11:24:48,573,INFO,[User] Platform: Linux-5.15.0-27-generic-x86_64-with-glibc2.35
2022-05-17 11:24:48,573,INFO,[User] Path: /media/cristian/cris_projects/hicce/ictp/py_rtplotzynq
2022-05-17 11:24:48,573,INFO,[User] Python: 3.10.4
2022-05-17 11:24:48,632,INFO,[RTAcqPlot] Starting RT Plot for Zynq
2022-05-17 11:25:14,195,INFO,[User] Platform: Linux-5.15.0-27-generic-x86_64-with-glibc2.35
2022-05-17 11:25:14,195,INFO,[User] Path: /media/cristian/cris_projects/hicce/ictp/py_rtplotzynq
2022-05-17 11:25:14,195,INFO,[User] Python: 3.10.4
2022-05-17 11:25:14,253,INFO,[RTAcqPlot] Starting RT Plot for Zynq
2022-05-17 11:26:02,122,INFO,[User] Platform: Linux-5.15.0-27-generic-x86_64-with-glibc2.35
2022-05-17 11:26:02,122,INFO,[User] Path: /media/cristian/cris_projects/hicce/ictp/py_rtplotzynq
2022-05-17 11:26:02,122,INFO,[User] Python: 3.10.4
2022-05-17 11:26:02,181,INFO,[RTAcqPlot] Starting RT Plot for Zynq
2022-05-17 11:26:25,342,INFO,[User] Platform: Linux-5.15.0-27-generic-x86_64-with-glibc2.35
2022-05-17 11:26:25,343,INFO,[User] Path: /media/cristian/cris_projects/hicce/ictp/py_rtplotzynq
2022-05-17 11:26:25,343,INFO,[User] Python: 3.10.4
2022-05-17 11:26:25,401,INFO,[RTAcqPlot] Starting RT Plot for Zynq
2022-05-17 11:26:27,548,INFO,[MainWindow] Send 8-Bits to LEDs on ZedBoard
2022-05-17 11:26:44,660,INFO,[RTAcqPlot] Finishing RTGraph

2022-05-17 11:26:46,462,INFO,[User] Platform: Linux-5.15.0-27-generic-x86_64-with-glibc2.35
2022-05-17 11:26:46,462,INFO,[User] Path: /media/cristian/cris_projects/hicce/ictp/py_rtplotzynq
2022-05-17 11:26:46,463,INFO,[User] Python: 3.10.4
2022-05-17 11:26:46,520,INFO,[RTAcqPlot] Starting RT Plot for Zynq
2022-05-17 11:26:48,473,INFO,[MainWindow] Send 8-Bits to LEDs on ZedBoard
2022-05-17 11:27:30,354,INFO,[RTAcqPlot] Finishing RTGraph

2022-05-17 11:27:32,133,INFO,[User] Platform: Linux-5.15.0-27-generic-x86_64-with-glibc2.35
2022-05-17 11:27:32,133,INFO,[User] Path: /media/cristian/cris_projects/hicce/ictp/py_rtplotzynq
2022-05-17 11:27:32,134,INFO,[User] Python: 3.10.4
2022-05-17 11:27:32,199,INFO,[RTAcqPlot] Starting RT Plot for Zynq
2022-05-17 11:27:34,239,INFO,[MainWindow] Send 8-Bits to LEDs on ZedBoard
2022-05-17 11:28:34,948,INFO,[RTAcqPlot] Finishing RTGraph

2022-05-17 11:28:36,842,INFO,[User] Platform: Linux-5.15.0-27-generic-x86_64-with-glibc2.35
2022-05-17 11:28:36,842,INFO,[User] Path: /media/cristian/cris_projects/hicce/ictp/py_rtplotzynq
2022-05-17 11:28:36,842,INFO,[User] Python: 3.10.4
2022-05-17 11:28:36,901,INFO,[RTAcqPlot] Starting RT Plot for Zynq
2022-05-17 11:28:39,024,INFO,[MainWindow] Send 8-Bits to LEDs on ZedBoard
2022-05-17 11:28:45,377,INFO,[MainWindow] Send 8-Bits to LEDs on ZedBoard
2022-05-17 11:28:50,342,INFO,[MainWindow] Send 8-Bits to LEDs on ZedBoard
2022-05-17 11:28:53,410,INFO,[MainWindow] Send 8-Bits to LEDs on ZedBoard
2022-05-17 11:28:58,270,INFO,[MainWindow] Send 8-Bits to LEDs on ZedBoard
2022-05-17 14:13:59,878,INFO,[RTAcqPlot] Finishing RTGraph

